<?xml version="1.0" encoding="UTF-8"?>
<testsuite xmlns:xsi="http://www.w3.org/2001/XMLSchema-instance" xsi:noNamespaceSchemaLocation="https://maven.apache.org/surefire/maven-surefire-plugin/xsd/surefire-test-report-3.0.xsd" version="3.0" name="com.rest.rohan.RestApiApplicationTests" time="13.208" tests="1" errors="0" skipped="0" failures="0">
  <properties>
[...]
</properties>
  <testcase name="contextLoads" classname="com.rest.rohan.RestApiApplicationTests" time="1.754">
    <system-out><![CDATA[18:25:35.308 [main] INFO org.springframework.test.context.support.AnnotationConfigContextLoaderUtils -- Could not detect default configuration classes for test class [com.rest.rohan.RestApiApplicationTests]: RestApiApplicationTests does not declare any static, non-private, non-final, nested classes annotated with @Configuration.
18:25:35.615 [main] INFO org.springframework.boot.test.context.SpringBootTestContextBootstrapper -- Found @SpringBootConfiguration com.rest.rohan.RestApiApplication for test class com.rest.rohan.RestApiApplicationTests

  .   ____          _            __ _ _
 /\\ / ___'_ __ _ _(_)_ __  __ _ \ \ \ \
( ( )\___ | '_ | '_| | '_ \/ _` | \ \ \ \
 \\/  ___)| |_)| | | | | || (_| |  ) ) ) )
  '  |____| .__|_| |_|_| |_\__, | / / / /
 =========|_|==============|___/=/_/_/_/
 :: Spring Boot ::                (v3.1.3)

2023-10-15T18:25:36.803+05:30  INFO 8228 --- [           main] com.rest.rohan.RestApiApplicationTests   : Starting RestApiApplicationTests using Java 17.0.7 with PID 8228 (started by yash1 in F:\built\empoyee-rest\rest-api)
2023-10-15T18:25:36.806+05:30  INFO 8228 --- [           main] com.rest.rohan.RestApiApplicationTests   : No active profile set, falling back to 1 default profile: "default"
2023-10-15T18:25:39.401+05:30  INFO 8228 --- [           main] .s.d.r.c.RepositoryConfigurationDelegate : Multiple Spring Data modules found, entering strict repository configuration mode
2023-10-15T18:25:39.404+05:30  INFO 8228 --- [           main] .s.d.r.c.RepositoryConfigurationDelegate : Bootstrapping Spring Data JDBC repositories in DEFAULT mode.
2023-10-15T18:25:39.444+05:30  INFO 8228 --- [           main] .s.d.r.c.RepositoryConfigurationDelegate : Finished Spring Data repository scanning in 21 ms. Found 0 JDBC repository interfaces.
2023-10-15T18:25:39.460+05:30  INFO 8228 --- [           main] .s.d.r.c.RepositoryConfigurationDelegate : Multiple Spring Data modules found, entering strict repository configuration mode
2023-10-15T18:25:39.461+05:30  INFO 8228 --- [           main] .s.d.r.c.RepositoryConfigurationDelegate : Bootstrapping Spring Data JPA repositories in DEFAULT mode.
2023-10-15T18:25:39.471+05:30  INFO 8228 --- [           main] .s.d.r.c.RepositoryConfigurationDelegate : Finished Spring Data repository scanning in 4 ms. Found 0 JPA repository interfaces.
2023-10-15T18:25:40.389+05:30  INFO 8228 --- [           main] o.hibernate.jpa.internal.util.LogHelper  : HHH000204: Processing PersistenceUnitInfo [name: default]
2023-10-15T18:25:40.601+05:30  INFO 8228 --- [           main] org.hibernate.Version                    : HHH000412: Hibernate ORM core version 6.2.7.Final
2023-10-15T18:25:40.604+05:30  INFO 8228 --- [           main] org.hibernate.cfg.Environment            : HHH000406: Using bytecode reflection optimizer
2023-10-15T18:25:40.963+05:30  INFO 8228 --- [           main] o.h.b.i.BytecodeProviderInitiator        : HHH000021: Bytecode provider name : bytebuddy
2023-10-15T18:25:41.379+05:30  INFO 8228 --- [           main] o.s.o.j.p.SpringPersistenceUnitInfo      : No LoadTimeWeaver setup: ignoring JPA class transformer
2023-10-15T18:25:41.419+05:30  INFO 8228 --- [           main] com.zaxxer.hikari.HikariDataSource       : HikariPool-1 - Starting...
2023-10-15T18:25:42.618+05:30  INFO 8228 --- [           main] com.zaxxer.hikari.pool.HikariPool        : HikariPool-1 - Added connection com.mysql.cj.jdbc.ConnectionImpl@32e830a0
2023-10-15T18:25:42.620+05:30  INFO 8228 --- [           main] com.zaxxer.hikari.HikariDataSource       : HikariPool-1 - Start completed.
2023-10-15T18:25:43.152+05:30  INFO 8228 --- [           main] o.h.b.i.BytecodeProviderInitiator        : HHH000021: Bytecode provider name : bytebuddy
2023-10-15T18:25:43.668+05:30  INFO 8228 --- [           main] o.h.e.t.j.p.i.JtaPlatformInitiator       : HHH000490: Using JtaPlatform implementation: [org.hibernate.engine.transaction.jta.platform.internal.NoJtaPlatform]
2023-10-15T18:25:43.675+05:30  INFO 8228 --- [           main] j.LocalContainerEntityManagerFactoryBean : Initialized JPA EntityManagerFactory for persistence unit 'default'
2023-10-15T18:25:44.274+05:30  WARN 8228 --- [           main] JpaBaseConfiguration$JpaWebConfiguration : spring.jpa.open-in-view is enabled by default. Therefore, database queries may be performed during view rendering. Explicitly configure spring.jpa.open-in-view to disable this warning
2023-10-15T18:25:45.634+05:30  INFO 8228 --- [           main] o.s.b.a.e.web.EndpointLinksResolver      : Exposing 1 endpoint(s) beneath base path '/actuator'
2023-10-15T18:25:45.766+05:30  INFO 8228 --- [           main] com.rest.rohan.RestApiApplicationTests   : Started RestApiApplicationTests in 9.723 seconds (process running for 12.412)
]]></system-out>
  </testcase>
</testsuite>